2021-07-11 13:11:21 INFO  Log:11 - =====================================VerifyLogo TEST START=========================================
2021-07-11 13:11:21 INFO  Log:22 - Login page validateLogo
2021-07-11 13:11:22 INFO  Log:22 - Login page Logo Assert  check
2021-07-11 13:11:22 INFO  Log:15 - =====================================VerifyLogo TEST END=========================================
2021-07-11 13:11:31 INFO  Log:11 - =====================================VerifyTitle TEST START=========================================
2021-07-11 13:11:31 INFO  Log:22 - Login page getMDtitle
2021-07-11 13:11:31 INFO  Log:22 - Login page getMDtitle Assert check
2021-07-11 13:11:31 INFO  Log:15 - =====================================VerifyTitle TEST END=========================================
2021-07-11 13:11:44 INFO  Log:11 - =====================================verifyLogin TEST START=========================================
2021-07-11 13:11:44 INFO  Log:22 - User name and password set
2021-07-11 13:11:56 INFO  Log:15 - =====================================verifyLogin TEST END=========================================
2021-07-11 13:38:32 INFO  Log:11 - =====================================VerifyLogo TEST START=========================================
2021-07-11 13:38:33 INFO  Log:22 - Login page validateLogo
2021-07-11 13:38:33 INFO  Log:22 - Login page Logo Assert  check
2021-07-11 13:38:33 INFO  Log:15 - =====================================VerifyLogo TEST END=========================================
2021-07-11 13:38:40 INFO  Log:11 - =====================================VerifyTitle TEST START=========================================
2021-07-11 13:38:40 INFO  Log:22 - Login page getMDtitle
2021-07-11 13:38:40 INFO  Log:22 - Login page getMDtitle Assert check
2021-07-11 13:38:40 INFO  Log:15 - =====================================VerifyTitle TEST END=========================================
2021-07-11 13:40:11 INFO  Log:11 - =====================================VerifyLogo TEST START=========================================
2021-07-11 13:40:11 INFO  Log:22 - Login page validateLogo
2021-07-11 13:40:11 INFO  Log:22 - Login page Logo Assert  check
2021-07-11 13:40:11 INFO  Log:15 - =====================================VerifyLogo TEST END=========================================
2021-07-11 13:40:18 INFO  Log:11 - =====================================VerifyTitle TEST START=========================================
2021-07-11 13:40:18 INFO  Log:22 - Login page getMDtitle
2021-07-11 13:40:18 INFO  Log:22 - Login page getMDtitle Assert check
2021-07-11 13:40:18 INFO  Log:15 - =====================================VerifyTitle TEST END=========================================
2021-07-11 13:40:26 INFO  Log:11 - =====================================verifyLogin TEST START=========================================
2021-07-11 13:40:26 INFO  Log:22 - User name and password set
2021-07-11 13:40:34 INFO  Log:15 - =====================================verifyLogin TEST END=========================================
2021-07-11 13:50:53 INFO  Log:11 - =====================================VerifyLogo TEST START=========================================
2021-07-11 13:50:53 INFO  Log:22 - Login page validateLogo
2021-07-11 13:50:53 INFO  Log:22 - Login page Logo Assert  check
2021-07-11 13:50:53 INFO  Log:15 - =====================================VerifyLogo TEST END=========================================
2021-07-11 13:50:59 INFO  Log:11 - =====================================VerifyTitle TEST START=========================================
2021-07-11 13:50:59 INFO  Log:22 - Login page getMDtitle
2021-07-11 13:50:59 INFO  Log:22 - Login page getMDtitle Assert check
2021-07-11 13:50:59 INFO  Log:15 - =====================================VerifyTitle TEST END=========================================
2021-07-11 13:51:08 INFO  Log:11 - =====================================verifyLogin TEST START=========================================
2021-07-11 13:51:08 INFO  Log:22 - User name and password set
2021-07-11 13:51:14 INFO  Log:15 - =====================================verifyLogin TEST END=========================================
2021-07-11 14:23:50 INFO  Log:11 - =====================================VerifyLogo TEST START=========================================
2021-07-11 14:23:50 INFO  Log:22 - Login page validateLogo
2021-07-11 14:23:50 INFO  Log:22 - Login page Logo Assert  check
2021-07-11 14:23:50 INFO  Log:15 - =====================================VerifyLogo TEST END=========================================
2021-07-11 14:24:00 INFO  Log:11 - =====================================VerifyTitle TEST START=========================================
2021-07-11 14:24:00 INFO  Log:22 - Login page getMDtitle
2021-07-11 14:24:00 INFO  Log:22 - Login page getMDtitle Assert check
2021-07-11 14:24:00 INFO  Log:15 - =====================================VerifyTitle TEST END=========================================
2021-07-11 14:24:37 INFO  Log:11 - =====================================VerifyTitle TEST START=========================================
2021-07-11 14:24:37 INFO  Log:22 - Login page getMDtitle
2021-07-11 14:24:37 INFO  Log:22 - Login page getMDtitle Assert check
2021-07-11 14:24:37 INFO  Log:15 - =====================================VerifyTitle TEST END=========================================
2021-07-11 14:35:18 INFO  Log:11 - =====================================VerifyLogo TEST START=========================================
2021-07-11 14:35:18 INFO  Log:22 - Login page validateLogo
2021-07-11 14:35:18 INFO  Log:22 - Login page Logo Assert  check
2021-07-11 14:35:18 INFO  Log:15 - =====================================VerifyLogo TEST END=========================================
2021-07-11 14:35:26 INFO  Log:11 - =====================================VerifyTitle TEST START=========================================
2021-07-11 14:35:26 INFO  Log:22 - Login page getMDtitle
2021-07-11 14:35:26 INFO  Log:22 - Login page getMDtitle Assert check
2021-07-11 14:35:26 INFO  Log:15 - =====================================VerifyTitle TEST END=========================================
2021-07-11 14:35:38 INFO  Log:11 - =====================================verifyLogin TEST START=========================================
2021-07-11 14:35:38 INFO  Log:22 - User name and password set
2021-07-11 14:35:48 INFO  Log:15 - =====================================verifyLogin TEST END=========================================
2021-07-11 14:35:59 INFO  Log:11 - =====================================VerifyLogo TEST START=========================================
2021-07-11 14:35:59 INFO  Log:22 - Login page validateLogo
2021-07-11 14:35:59 INFO  Log:22 - Login page Logo Assert  check
2021-07-11 14:35:59 INFO  Log:15 - =====================================VerifyLogo TEST END=========================================
2021-07-11 14:36:08 INFO  Log:11 - =====================================VerifyTitle TEST START=========================================
2021-07-11 14:36:08 INFO  Log:22 - Login page getMDtitle
2021-07-11 14:36:08 INFO  Log:22 - Login page getMDtitle Assert check
2021-07-11 14:36:08 INFO  Log:15 - =====================================VerifyTitle TEST END=========================================
2021-07-11 14:36:17 INFO  Log:11 - =====================================verifyLogin TEST START=========================================
2021-07-11 14:36:17 INFO  Log:22 - User name and password set
2021-07-11 14:36:25 INFO  Log:15 - =====================================verifyLogin TEST END=========================================
2021-07-11 14:36:36 INFO  Log:11 - =====================================VerifyLogo TEST START=========================================
2021-07-11 14:36:36 INFO  Log:22 - Login page validateLogo
2021-07-11 14:36:36 INFO  Log:22 - Login page Logo Assert  check
2021-07-11 14:36:36 INFO  Log:15 - =====================================VerifyLogo TEST END=========================================
2021-07-11 14:36:44 INFO  Log:11 - =====================================VerifyTitle TEST START=========================================
2021-07-11 14:36:44 INFO  Log:22 - Login page getMDtitle
2021-07-11 14:36:44 INFO  Log:22 - Login page getMDtitle Assert check
2021-07-11 14:36:44 INFO  Log:15 - =====================================VerifyTitle TEST END=========================================
2021-07-11 14:36:53 INFO  Log:11 - =====================================verifyLogin TEST START=========================================
2021-07-11 14:36:53 INFO  Log:22 - User name and password set
2021-07-11 14:37:01 INFO  Log:15 - =====================================verifyLogin TEST END=========================================
2021-07-11 14:40:59 INFO  Log:11 - =====================================VerifyLogo TEST START=========================================
2021-07-11 14:40:59 INFO  Log:11 - =====================================VerifyLogo TEST START=========================================
2021-07-11 14:40:59 INFO  Log:11 - =====================================VerifyLogo TEST START=========================================
2021-07-11 14:40:59 INFO  Log:22 - Login page validateLogo
2021-07-11 14:40:59 INFO  Log:22 - Login page validateLogo
2021-07-11 14:40:59 INFO  Log:22 - Login page validateLogo
2021-07-11 14:40:59 INFO  Log:22 - Login page Logo Assert  check
2021-07-11 14:40:59 INFO  Log:15 - =====================================VerifyLogo TEST END=========================================
2021-07-11 14:40:59 INFO  Log:22 - Login page Logo Assert  check
2021-07-11 14:40:59 INFO  Log:15 - =====================================VerifyLogo TEST END=========================================
2021-07-11 14:40:59 INFO  Log:22 - Login page Logo Assert  check
2021-07-11 14:40:59 INFO  Log:15 - =====================================VerifyLogo TEST END=========================================
2021-07-11 14:41:13 INFO  Log:11 - =====================================VerifyTitle TEST START=========================================
2021-07-11 14:41:13 INFO  Log:22 - Login page getMDtitle
2021-07-11 14:41:13 INFO  Log:22 - Login page getMDtitle Assert check
2021-07-11 14:41:13 INFO  Log:15 - =====================================VerifyTitle TEST END=========================================
2021-07-11 14:41:13 INFO  Log:11 - =====================================VerifyTitle TEST START=========================================
2021-07-11 14:41:13 INFO  Log:22 - Login page getMDtitle
2021-07-11 14:41:13 INFO  Log:22 - Login page getMDtitle Assert check
2021-07-11 14:41:13 INFO  Log:15 - =====================================VerifyTitle TEST END=========================================
2021-07-11 14:41:14 INFO  Log:11 - =====================================VerifyTitle TEST START=========================================
2021-07-11 14:41:14 INFO  Log:22 - Login page getMDtitle
2021-07-11 14:41:14 INFO  Log:22 - Login page getMDtitle Assert check
2021-07-11 14:41:14 INFO  Log:15 - =====================================VerifyTitle TEST END=========================================
2021-07-11 14:41:30 INFO  Log:11 - =====================================verifyLogin TEST START=========================================
2021-07-11 14:41:30 INFO  Log:22 - User name and password set
2021-07-11 14:41:32 INFO  Log:11 - =====================================verifyLogin TEST START=========================================
2021-07-11 14:41:32 INFO  Log:22 - User name and password set
2021-07-11 14:41:33 INFO  Log:11 - =====================================verifyLogin TEST START=========================================
2021-07-11 14:41:33 INFO  Log:22 - User name and password set
2021-07-11 14:41:51 INFO  Log:15 - =====================================verifyLogin TEST END=========================================
2021-07-11 14:41:52 INFO  Log:15 - =====================================verifyLogin TEST END=========================================
2021-07-11 14:41:53 INFO  Log:15 - =====================================verifyLogin TEST END=========================================
2021-07-11 14:44:01 INFO  Log:11 - =====================================VerifyLogo TEST START=========================================
2021-07-11 14:44:01 INFO  Log:22 - Login page validateLogo
2021-07-11 14:44:01 INFO  Log:22 - Login page Logo Assert  check
2021-07-11 14:44:01 INFO  Log:15 - =====================================VerifyLogo TEST END=========================================
2021-07-11 14:44:15 INFO  Log:11 - =====================================VerifyTitle TEST START=========================================
2021-07-11 14:44:15 INFO  Log:22 - Login page getMDtitle
2021-07-11 14:44:15 INFO  Log:22 - Login page getMDtitle Assert check
2021-07-11 14:44:15 INFO  Log:15 - =====================================VerifyTitle TEST END=========================================
2021-07-11 14:44:39 INFO  Log:11 - =====================================verifyLogin TEST START=========================================
2021-07-11 14:44:39 INFO  Log:22 - User name and password set
2021-07-11 14:44:55 INFO  Log:11 - =====================================VerifyLogo TEST START=========================================
2021-07-11 14:44:55 INFO  Log:22 - Login page validateLogo
2021-07-11 14:44:56 INFO  Log:22 - Login page Logo Assert  check
2021-07-11 14:44:56 INFO  Log:15 - =====================================VerifyLogo TEST END=========================================
2021-07-11 14:45:04 INFO  Log:15 - =====================================verifyLogin TEST END=========================================
2021-07-11 14:46:03 INFO  Log:11 - =====================================VerifyTitle TEST START=========================================
2021-07-11 14:46:03 INFO  Log:22 - Login page getMDtitle
2021-07-11 14:46:03 INFO  Log:22 - Login page getMDtitle Assert check
2021-07-11 14:46:03 INFO  Log:15 - =====================================VerifyTitle TEST END=========================================
2021-07-11 14:46:34 INFO  Log:11 - =====================================verifyLogin TEST START=========================================
2021-07-11 14:46:34 INFO  Log:22 - User name and password set
2021-07-11 14:46:35 INFO  Log:15 - =====================================verifyLogin TEST END=========================================
2021-07-11 14:54:18 INFO  Log:11 - =====================================VerifyLogo TEST START=========================================
2021-07-11 14:54:18 INFO  Log:22 - Login page validateLogo
2021-07-11 14:54:18 INFO  Log:22 - Login page Logo Assert  check
2021-07-11 14:54:18 INFO  Log:15 - =====================================VerifyLogo TEST END=========================================
2021-07-11 14:54:23 INFO  Log:11 - =====================================VerifyLogo TEST START=========================================
2021-07-11 14:54:23 INFO  Log:22 - Login page validateLogo
2021-07-11 14:54:23 INFO  Log:22 - Login page Logo Assert  check
2021-07-11 14:54:23 INFO  Log:15 - =====================================VerifyLogo TEST END=========================================
2021-07-11 14:54:32 INFO  Log:11 - =====================================VerifyTitle TEST START=========================================
2021-07-11 14:54:32 INFO  Log:22 - Login page getMDtitle
2021-07-11 14:54:32 INFO  Log:22 - Login page getMDtitle Assert check
2021-07-11 14:54:32 INFO  Log:15 - =====================================VerifyTitle TEST END=========================================
2021-07-11 14:54:42 INFO  Log:11 - =====================================verifyLogin TEST START=========================================
2021-07-11 14:54:42 INFO  Log:22 - User name and password set
2021-07-11 14:54:51 INFO  Log:15 - =====================================verifyLogin TEST END=========================================
2021-07-11 14:55:54 INFO  Log:11 - =====================================VerifyTitle TEST START=========================================
2021-07-11 14:55:54 INFO  Log:22 - Login page getMDtitle
2021-07-11 14:55:54 INFO  Log:22 - Login page getMDtitle Assert check
2021-07-11 14:55:54 INFO  Log:15 - =====================================VerifyTitle TEST END=========================================
2021-07-11 14:56:20 INFO  Log:11 - =====================================verifyLogin TEST START=========================================
2021-07-11 14:56:20 INFO  Log:22 - User name and password set
2021-07-11 14:56:22 INFO  Log:15 - =====================================verifyLogin TEST END=========================================
2021-07-11 15:55:51 INFO  Log:11 - =====================================verifyLogin TEST START=========================================
2021-07-11 15:55:51 INFO  Log:22 - User name and password set
2021-07-11 15:55:58 INFO  Log:15 - =====================================verifyLogin TEST END=========================================
2021-07-11 15:59:37 INFO  Log:11 - =====================================VerifyLogo TEST START=========================================
2021-07-11 15:59:37 INFO  Log:22 - Login page validateLogo
2021-07-11 15:59:38 INFO  Log:22 - Login page Logo Assert  check
2021-07-11 15:59:38 INFO  Log:15 - =====================================VerifyLogo TEST END=========================================
2021-07-11 15:59:49 INFO  Log:11 - =====================================VerifyTitle TEST START=========================================
2021-07-11 15:59:49 INFO  Log:22 - Login page getMDtitle
2021-07-11 15:59:49 INFO  Log:22 - Login page getMDtitle Assert check
2021-07-11 15:59:49 INFO  Log:15 - =====================================VerifyTitle TEST END=========================================
2021-07-11 15:59:57 INFO  Log:11 - =====================================verifyLogin TEST START=========================================
2021-07-11 15:59:57 INFO  Log:22 - User name and password set
2021-07-11 16:00:05 INFO  Log:15 - =====================================verifyLogin TEST END=========================================
2021-07-11 16:00:06 DEBUG cache:45 - Couldn't find template in cache for "v3html/v3-html-index.ftl"("en", UTF-8, parsed); will try to load it.
2021-07-11 16:00:06 DEBUG cache:45 - TemplateLoader.findTemplateSource("v3html/v3-html-index_en.ftl"): Not found
2021-07-11 16:00:06 DEBUG cache:45 - TemplateLoader.findTemplateSource("v3html/v3-html-index.ftl"): Found
2021-07-11 16:00:06 DEBUG cache:45 - Loading template for "v3html/v3-html-index.ftl"("en", UTF-8, parsed) from "jar:file:/C:/Users/Test.Admin/.m2/repository/com/aventstack/extentreports/4.0.9/extentreports-4.0.9.jar!/com/aventstack/extentreports/view/v3html/v3-html-index.ftl"
2021-07-11 16:00:07 DEBUG cache:45 - Couldn't find template in cache for "v3html/v3-html-head.ftl"("en", UTF-8, parsed); will try to load it.
2021-07-11 16:00:07 DEBUG cache:45 - TemplateLoader.findTemplateSource("v3html/v3-html-head_en.ftl"): Not found
2021-07-11 16:00:07 DEBUG cache:45 - TemplateLoader.findTemplateSource("v3html/v3-html-head.ftl"): Found
2021-07-11 16:00:07 DEBUG cache:45 - Loading template for "v3html/v3-html-head.ftl"("en", UTF-8, parsed) from "jar:file:/C:/Users/Test.Admin/.m2/repository/com/aventstack/extentreports/4.0.9/extentreports-4.0.9.jar!/com/aventstack/extentreports/view/v3html/v3-html-head.ftl"
2021-07-11 16:00:07 DEBUG cache:45 - Couldn't find template in cache for "v3html/v3-html-nav.ftl"("en", UTF-8, parsed); will try to load it.
2021-07-11 16:00:07 DEBUG cache:45 - TemplateLoader.findTemplateSource("v3html/v3-html-nav_en.ftl"): Not found
2021-07-11 16:00:07 DEBUG cache:45 - TemplateLoader.findTemplateSource("v3html/v3-html-nav.ftl"): Found
2021-07-11 16:00:07 DEBUG cache:45 - Loading template for "v3html/v3-html-nav.ftl"("en", UTF-8, parsed) from "jar:file:/C:/Users/Test.Admin/.m2/repository/com/aventstack/extentreports/4.0.9/extentreports-4.0.9.jar!/com/aventstack/extentreports/view/v3html/v3-html-nav.ftl"
2021-07-11 16:00:07 DEBUG cache:45 - Couldn't find template in cache for "v3html/test-view/v3-html-test-view.ftl"("en", UTF-8, parsed); will try to load it.
2021-07-11 16:00:07 DEBUG cache:45 - TemplateLoader.findTemplateSource("v3html/test-view/v3-html-test-view_en.ftl"): Not found
2021-07-11 16:00:07 DEBUG cache:45 - TemplateLoader.findTemplateSource("v3html/test-view/v3-html-test-view.ftl"): Found
2021-07-11 16:00:07 DEBUG cache:45 - Loading template for "v3html/test-view/v3-html-test-view.ftl"("en", UTF-8, parsed) from "jar:file:/C:/Users/Test.Admin/.m2/repository/com/aventstack/extentreports/4.0.9/extentreports-4.0.9.jar!/com/aventstack/extentreports/view/v3html/test-view/v3-html-test-view.ftl"
2021-07-11 16:00:07 DEBUG cache:45 - Couldn't find template in cache for "v3html/test-view/v3-html-test-view-charts.ftl"("en", UTF-8, parsed); will try to load it.
2021-07-11 16:00:07 DEBUG cache:45 - TemplateLoader.findTemplateSource("v3html/test-view/v3-html-test-view-charts_en.ftl"): Not found
2021-07-11 16:00:07 DEBUG cache:45 - TemplateLoader.findTemplateSource("v3html/test-view/v3-html-test-view-charts.ftl"): Found
2021-07-11 16:00:07 DEBUG cache:45 - Loading template for "v3html/test-view/v3-html-test-view-charts.ftl"("en", UTF-8, parsed) from "jar:file:/C:/Users/Test.Admin/.m2/repository/com/aventstack/extentreports/4.0.9/extentreports-4.0.9.jar!/com/aventstack/extentreports/view/v3html/test-view/v3-html-test-view-charts.ftl"
2021-07-11 16:00:07 DEBUG cache:45 - Couldn't find template in cache for "v3html/test-view/v3-html-standard.ftl"("en", UTF-8, parsed); will try to load it.
2021-07-11 16:00:07 DEBUG cache:45 - TemplateLoader.findTemplateSource("v3html/test-view/v3-html-standard_en.ftl"): Not found
2021-07-11 16:00:07 DEBUG cache:45 - TemplateLoader.findTemplateSource("v3html/test-view/v3-html-standard.ftl"): Found
2021-07-11 16:00:07 DEBUG cache:45 - Loading template for "v3html/test-view/v3-html-standard.ftl"("en", UTF-8, parsed) from "jar:file:/C:/Users/Test.Admin/.m2/repository/com/aventstack/extentreports/4.0.9/extentreports-4.0.9.jar!/com/aventstack/extentreports/view/v3html/test-view/v3-html-standard.ftl"
2021-07-11 16:00:07 DEBUG cache:45 - "v3html/test-view/v3-html-standard.ftl"("en", UTF-8, parsed) cached copy not yet stale; using cached.
2021-07-11 16:00:07 DEBUG cache:45 - "v3html/test-view/v3-html-standard.ftl"("en", UTF-8, parsed) cached copy not yet stale; using cached.
2021-07-11 16:00:07 DEBUG cache:45 - Couldn't find template in cache for "v3html/category-view/v3-html-category-view.ftl"("en", UTF-8, parsed); will try to load it.
2021-07-11 16:00:07 DEBUG cache:45 - TemplateLoader.findTemplateSource("v3html/category-view/v3-html-category-view_en.ftl"): Not found
2021-07-11 16:00:07 DEBUG cache:45 - TemplateLoader.findTemplateSource("v3html/category-view/v3-html-category-view.ftl"): Found
2021-07-11 16:00:07 DEBUG cache:45 - Loading template for "v3html/category-view/v3-html-category-view.ftl"("en", UTF-8, parsed) from "jar:file:/C:/Users/Test.Admin/.m2/repository/com/aventstack/extentreports/4.0.9/extentreports-4.0.9.jar!/com/aventstack/extentreports/view/v3html/category-view/v3-html-category-view.ftl"
2021-07-11 16:00:07 DEBUG cache:45 - Couldn't find template in cache for "v3html/exception-view/v3-html-exception-view.ftl"("en", UTF-8, parsed); will try to load it.
2021-07-11 16:00:07 DEBUG cache:45 - TemplateLoader.findTemplateSource("v3html/exception-view/v3-html-exception-view_en.ftl"): Not found
2021-07-11 16:00:07 DEBUG cache:45 - TemplateLoader.findTemplateSource("v3html/exception-view/v3-html-exception-view.ftl"): Found
2021-07-11 16:00:07 DEBUG cache:45 - Loading template for "v3html/exception-view/v3-html-exception-view.ftl"("en", UTF-8, parsed) from "jar:file:/C:/Users/Test.Admin/.m2/repository/com/aventstack/extentreports/4.0.9/extentreports-4.0.9.jar!/com/aventstack/extentreports/view/v3html/exception-view/v3-html-exception-view.ftl"
2021-07-11 16:00:07 DEBUG cache:45 - Couldn't find template in cache for "v3html/author-view/v3-html-author-view.ftl"("en", UTF-8, parsed); will try to load it.
2021-07-11 16:00:07 DEBUG cache:45 - TemplateLoader.findTemplateSource("v3html/author-view/v3-html-author-view_en.ftl"): Not found
2021-07-11 16:00:07 DEBUG cache:45 - TemplateLoader.findTemplateSource("v3html/author-view/v3-html-author-view.ftl"): Found
2021-07-11 16:00:07 DEBUG cache:45 - Loading template for "v3html/author-view/v3-html-author-view.ftl"("en", UTF-8, parsed) from "jar:file:/C:/Users/Test.Admin/.m2/repository/com/aventstack/extentreports/4.0.9/extentreports-4.0.9.jar!/com/aventstack/extentreports/view/v3html/author-view/v3-html-author-view.ftl"
2021-07-11 16:00:08 DEBUG cache:45 - Couldn't find template in cache for "v3html/dashboard-view/v3-html-dashboard-view.ftl"("en", UTF-8, parsed); will try to load it.
2021-07-11 16:00:08 DEBUG cache:45 - TemplateLoader.findTemplateSource("v3html/dashboard-view/v3-html-dashboard-view_en.ftl"): Not found
2021-07-11 16:00:08 DEBUG cache:45 - TemplateLoader.findTemplateSource("v3html/dashboard-view/v3-html-dashboard-view.ftl"): Found
2021-07-11 16:00:08 DEBUG cache:45 - Loading template for "v3html/dashboard-view/v3-html-dashboard-view.ftl"("en", UTF-8, parsed) from "jar:file:/C:/Users/Test.Admin/.m2/repository/com/aventstack/extentreports/4.0.9/extentreports-4.0.9.jar!/com/aventstack/extentreports/view/v3html/dashboard-view/v3-html-dashboard-view.ftl"
2021-07-11 16:00:08 DEBUG cache:45 - Couldn't find template in cache for "v3html/logs-view/v3-html-testrunner-logs-view.ftl"("en", UTF-8, parsed); will try to load it.
2021-07-11 16:00:08 DEBUG cache:45 - TemplateLoader.findTemplateSource("v3html/logs-view/v3-html-testrunner-logs-view_en.ftl"): Not found
2021-07-11 16:00:08 DEBUG cache:45 - TemplateLoader.findTemplateSource("v3html/logs-view/v3-html-testrunner-logs-view.ftl"): Found
2021-07-11 16:00:08 DEBUG cache:45 - Loading template for "v3html/logs-view/v3-html-testrunner-logs-view.ftl"("en", UTF-8, parsed) from "jar:file:/C:/Users/Test.Admin/.m2/repository/com/aventstack/extentreports/4.0.9/extentreports-4.0.9.jar!/com/aventstack/extentreports/view/v3html/logs-view/v3-html-testrunner-logs-view.ftl"
